{
  "stats": {
    "suites": 1,
    "tests": 4,
    "passes": 4,
    "pending": 0,
    "failures": 0,
    "start": "2020-06-04T12:18:17.641Z",
    "end": "2020-06-04T12:18:20.670Z",
    "duration": 3029,
    "testsRegistered": 4,
    "passPercent": 100,
    "pendingPercent": 0,
    "other": 0,
    "hasOther": false,
    "skipped": 0,
    "hasSkipped": false
  },
  "results": [
    {
      "uuid": "1a2266b1-ec9a-48c7-8930-dc6608788f70",
      "title": "",
      "fullFile": "cypress/integration/test/Framework.js",
      "file": "cypress/integration/test/Framework.js",
      "beforeHooks": [],
      "afterHooks": [],
      "tests": [],
      "suites": [
        {
          "uuid": "74aac1ad-9aec-441b-a797-dbd11e643595",
          "title": "Regression Test Suite",
          "fullFile": "",
          "file": "",
          "beforeHooks": [],
          "afterHooks": [],
          "tests": [
            {
              "title": "Login Page Test Case",
              "fullTitle": "Regression Test Suite Login Page Test Case",
              "timedOut": null,
              "duration": 1247,
              "state": "passed",
              "speed": "slow",
              "pass": true,
              "fail": false,
              "pending": false,
              "context": null,
              "code": "cy.visit(Cypress.env('url'));\nloginPage.getUsernameEditBox().type(this.logindata.userName);\nloginPage.getPasswordEditBox().type(this.logindata.password);\nloginPage.getLoginButton().click();",
              "err": {},
              "uuid": "2bbf4091-9fca-4fe8-82f6-97e3cd16297f",
              "parentUUID": "74aac1ad-9aec-441b-a797-dbd11e643595",
              "isHook": false,
              "skipped": false
            },
            {
              "title": "Add & Remove Proudct Test Case",
              "fullTitle": "Regression Test Suite Add & Remove Proudct Test Case",
              "timedOut": null,
              "duration": 608,
              "state": "passed",
              "speed": "slow",
              "pass": true,
              "fail": false,
              "pending": false,
              "context": null,
              "code": "productPage.productAssertion().should('have.text', 'Products');\nproductPage.selectPrice().select('hilo');\ncy.addProduct();\nproductPage.clickOnCart().click();\ncy.removeProduct();",
              "err": {},
              "uuid": "fa5d1373-f930-4bbe-aaa7-e7fd69214841",
              "parentUUID": "74aac1ad-9aec-441b-a797-dbd11e643595",
              "isHook": false,
              "skipped": false
            },
            {
              "title": "Cart Test Case",
              "fullTitle": "Regression Test Suite Cart Test Case",
              "timedOut": null,
              "duration": 99,
              "state": "passed",
              "speed": "slow",
              "pass": true,
              "fail": false,
              "pending": false,
              "context": null,
              "code": "cartPage.cartAssertion().should('have.text', 'Your Cart');\ncartPage.clickOnCheckout().click();",
              "err": {},
              "uuid": "6614a48a-4f42-4596-a366-24d36fbbddb5",
              "parentUUID": "74aac1ad-9aec-441b-a797-dbd11e643595",
              "isHook": false,
              "skipped": false
            },
            {
              "title": "Checkout Test Case",
              "fullTitle": "Regression Test Suite Checkout Test Case",
              "timedOut": null,
              "duration": 12,
              "state": "passed",
              "speed": "fast",
              "pass": true,
              "fail": false,
              "pending": false,
              "context": null,
              "code": "checkoutPage.checkoutAssertion().should('have.text', 'Checkout: Your Information');",
              "err": {},
              "uuid": "b6d75b60-7440-498d-b605-ccfea6551e3e",
              "parentUUID": "74aac1ad-9aec-441b-a797-dbd11e643595",
              "isHook": false,
              "skipped": false
            }
          ],
          "suites": [],
          "passes": [
            "2bbf4091-9fca-4fe8-82f6-97e3cd16297f",
            "fa5d1373-f930-4bbe-aaa7-e7fd69214841",
            "6614a48a-4f42-4596-a366-24d36fbbddb5",
            "b6d75b60-7440-498d-b605-ccfea6551e3e"
          ],
          "failures": [],
          "pending": [],
          "skipped": [],
          "duration": 1966,
          "root": false,
          "rootEmpty": false,
          "_timeout": 2000
        }
      ],
      "passes": [],
      "failures": [],
      "pending": [],
      "skipped": [],
      "duration": 0,
      "root": true,
      "rootEmpty": true,
      "_timeout": 2000
    }
  ],
  "meta": {
    "mocha": {
      "version": "7.0.1"
    },
    "mochawesome": {
      "options": {
        "quiet": false,
        "reportFilename": "mochawesome",
        "saveHtml": true,
        "saveJson": true,
        "consoleReporter": "spec",
        "useInlineDiffs": false,
        "code": true
      },
      "version": "6.1.1"
    },
    "marge": {
      "options": {},
      "version": "5.1.0"
    }
  }
}